<?xml version="1.0" encoding="UTF-8"?>
<testng-results skipped="0" failed="0" total="1" passed="1">
  <reporter-output>
  </reporter-output>
  <suite name="Default suite" duration-ms="2576" started-at="2019-07-15T13:00:25Z" finished-at="2019-07-15T13:00:27Z">
    <groups>
    </groups>
    <test name="Default test" duration-ms="2576" started-at="2019-07-15T13:00:25Z" finished-at="2019-07-15T13:00:27Z">
      <class name="com.java.rest.EmployeePut">
        <test-method status="PASS" signature="putmethod()[pri:0, instance:com.java.rest.EmployeePut@4563e9ab]" name="putmethod" duration-ms="2556" started-at="2019-07-15T18:30:25Z" finished-at="2019-07-15T18:30:27Z">
          <reporter-output>
          </reporter-output>
        </test-method> <!-- putmethod -->
      </class> <!-- com.java.rest.EmployeePut -->
    </test> <!-- Default test -->
  </suite> <!-- Default suite -->
</testng-results>
