<?xml version="1.0" encoding="UTF-8"?>
<testng-results skipped="0" failed="0" total="2" passed="2">
  <reporter-output>
  </reporter-output>
  <suite name="Default suite" duration-ms="10640" started-at="2019-07-23T13:45:32Z" finished-at="2019-07-23T13:45:43Z">
    <groups>
    </groups>
    <test name="Default test" duration-ms="10640" started-at="2019-07-23T13:45:32Z" finished-at="2019-07-23T13:45:43Z">
      <class name="OyoWebsiteAutomation.HotelSearching">
        <test-method status="PASS" signature="openUrl()[pri:0, instance:OyoWebsiteAutomation.HotelSearching@5f150435]" name="openUrl" duration-ms="5208" started-at="2019-07-23T19:15:32Z" finished-at="2019-07-23T19:15:37Z">
          <reporter-output>
          </reporter-output>
        </test-method> <!-- openUrl -->
        <test-method status="PASS" signature="HotelSearch()[pri:0, instance:OyoWebsiteAutomation.HotelSearching@5f150435]" name="HotelSearch" duration-ms="5404" started-at="2019-07-23T19:15:37Z" finished-at="2019-07-23T19:15:43Z">
          <reporter-output>
          </reporter-output>
        </test-method> <!-- HotelSearch -->
      </class> <!-- OyoWebsiteAutomation.HotelSearching -->
    </test> <!-- Default test -->
  </suite> <!-- Default suite -->
</testng-results>
